

Started GET "/" for 127.0.0.1 at 2015-07-13 18:01:28 +0530

ActiveRecord::PendingMigrationError (

Migrations are pending. To resolve this issue, run:

	bin/rake db:migrate RAILS_ENV=development

):
  activerecord (4.2.3) lib/active_record/migration.rb:392:in `check_pending!'
  activerecord (4.2.3) lib/active_record/migration.rb:373:in `call'
  actionpack (4.2.3) lib/action_dispatch/middleware/callbacks.rb:29:in `block in call'
  activesupport (4.2.3) lib/active_support/callbacks.rb:84:in `run_callbacks'
  actionpack (4.2.3) lib/action_dispatch/middleware/callbacks.rb:27:in `call'
  actionpack (4.2.3) lib/action_dispatch/middleware/reloader.rb:73:in `call'
  actionpack (4.2.3) lib/action_dispatch/middleware/remote_ip.rb:78:in `call'
  actionpack (4.2.3) lib/action_dispatch/middleware/debug_exceptions.rb:17:in `call'
  web-console (2.2.1) lib/web_console/middleware.rb:39:in `call'
  actionpack (4.2.3) lib/action_dispatch/middleware/show_exceptions.rb:30:in `call'
  railties (4.2.3) lib/rails/rack/logger.rb:38:in `call_app'
  railties (4.2.3) lib/rails/rack/logger.rb:20:in `block in call'
  activesupport (4.2.3) lib/active_support/tagged_logging.rb:68:in `block in tagged'
  activesupport (4.2.3) lib/active_support/tagged_logging.rb:26:in `tagged'
  activesupport (4.2.3) lib/active_support/tagged_logging.rb:68:in `tagged'
  railties (4.2.3) lib/rails/rack/logger.rb:20:in `call'
  actionpack (4.2.3) lib/action_dispatch/middleware/request_id.rb:21:in `call'
  rack (1.6.4) lib/rack/methodoverride.rb:22:in `call'
  rack (1.6.4) lib/rack/runtime.rb:18:in `call'
  activesupport (4.2.3) lib/active_support/cache/strategy/local_cache_middleware.rb:28:in `call'
  rack (1.6.4) lib/rack/lock.rb:17:in `call'
  actionpack (4.2.3) lib/action_dispatch/middleware/static.rb:116:in `call'
  rack (1.6.4) lib/rack/sendfile.rb:113:in `call'
  railties (4.2.3) lib/rails/engine.rb:518:in `call'
  railties (4.2.3) lib/rails/application.rb:165:in `call'
  rack (1.6.4) lib/rack/lock.rb:17:in `call'
  rack (1.6.4) lib/rack/content_length.rb:15:in `call'
  rack (1.6.4) lib/rack/handler/webrick.rb:88:in `service'
  /home/kartikeya/.rvm/rubies/ruby-2.2.1/lib/ruby/2.2.0/webrick/httpserver.rb:138:in `service'
  /home/kartikeya/.rvm/rubies/ruby-2.2.1/lib/ruby/2.2.0/webrick/httpserver.rb:94:in `run'
  /home/kartikeya/.rvm/rubies/ruby-2.2.1/lib/ruby/2.2.0/webrick/server.rb:294:in `block in start_thread'


  Rendered /home/kartikeya/.rvm/gems/ruby-2.2.1/gems/actionpack-4.2.3/lib/action_dispatch/middleware/templates/rescues/_source.erb (10.6ms)
  Rendered /home/kartikeya/.rvm/gems/ruby-2.2.1/gems/actionpack-4.2.3/lib/action_dispatch/middleware/templates/rescues/_trace.html.erb (3.8ms)
  Rendered /home/kartikeya/.rvm/gems/ruby-2.2.1/gems/actionpack-4.2.3/lib/action_dispatch/middleware/templates/rescues/_request_and_response.html.erb (2.7ms)
  Rendered /home/kartikeya/.rvm/gems/ruby-2.2.1/gems/actionpack-4.2.3/lib/action_dispatch/middleware/templates/rescues/diagnostics.html.erb within rescues/layout (71.8ms)
  Rendered /home/kartikeya/.rvm/gems/ruby-2.2.1/gems/web-console-2.2.1/lib/web_console/templates/_markup.html.erb (0.9ms)
  Rendered /home/kartikeya/.rvm/gems/ruby-2.2.1/gems/web-console-2.2.1/lib/web_console/templates/_inner_console_markup.html.erb within layouts/inlined_string (1.3ms)
  Rendered /home/kartikeya/.rvm/gems/ruby-2.2.1/gems/web-console-2.2.1/lib/web_console/templates/_prompt_box_markup.html.erb within layouts/inlined_string (1.0ms)
  Rendered /home/kartikeya/.rvm/gems/ruby-2.2.1/gems/web-console-2.2.1/lib/web_console/templates/style.css.erb within layouts/inlined_string (1.3ms)
  Rendered /home/kartikeya/.rvm/gems/ruby-2.2.1/gems/web-console-2.2.1/lib/web_console/templates/console.js.erb within layouts/javascript (68.3ms)
  Rendered /home/kartikeya/.rvm/gems/ruby-2.2.1/gems/web-console-2.2.1/lib/web_console/templates/main.js.erb within layouts/javascript (0.8ms)
  Rendered /home/kartikeya/.rvm/gems/ruby-2.2.1/gems/web-console-2.2.1/lib/web_console/templates/error_page.js.erb within layouts/javascript (1.6ms)
  Rendered /home/kartikeya/.rvm/gems/ruby-2.2.1/gems/web-console-2.2.1/lib/web_console/templates/index.html.erb (128.2ms)
  [1m[36m (131.4ms)[0m  [1mCREATE TABLE "schema_migrations" ("version" varchar NOT NULL) [0m
  [1m[35m (0.2ms)[0m  select sqlite_version(*)
  [1m[36m (114.4ms)[0m  [1mCREATE UNIQUE INDEX "unique_schema_migrations" ON "schema_migrations" ("version")[0m
  [1m[35mActiveRecord::SchemaMigration Load (0.2ms)[0m  SELECT "schema_migrations".* FROM "schema_migrations"
Migrating to CreateUsers (20150713055036)
  [1m[36m (0.2ms)[0m  [1mbegin transaction[0m
  [1m[35m (0.8ms)[0m  CREATE TABLE "users" ("id" INTEGER PRIMARY KEY AUTOINCREMENT NOT NULL, "fname" varchar, "lname" varchar, "password" varchar, "confirm_password" varchar, "phone" varchar, "email" varchar, "gender" varchar, "dob" varchar, "created_at" datetime NOT NULL, "updated_at" datetime NOT NULL) 
  [1m[36mSQL (0.4ms)[0m  [1mINSERT INTO "schema_migrations" ("version") VALUES (?)[0m  [["version", "20150713055036"]]
  [1m[35m (109.1ms)[0m  commit transaction
  [1m[36mActiveRecord::SchemaMigration Load (0.2ms)[0m  [1mSELECT "schema_migrations".* FROM "schema_migrations"[0m


Started GET "/" for 127.0.0.1 at 2015-07-13 18:03:19 +0530
  [1m[36mActiveRecord::SchemaMigration Load (0.2ms)[0m  [1mSELECT "schema_migrations".* FROM "schema_migrations"[0m
Processing by Rails::WelcomeController#index as HTML
  Rendered /home/kartikeya/.rvm/gems/ruby-2.2.1/gems/railties-4.2.3/lib/rails/templates/rails/welcome/index.html.erb (3.4ms)
Completed 200 OK in 45ms (Views: 21.4ms | ActiveRecord: 0.0ms)


Started GET "/login" for 127.0.0.1 at 2015-07-13 18:03:23 +0530

ActionController::RoutingError (No route matches [GET] "/login"):
  actionpack (4.2.3) lib/action_dispatch/middleware/debug_exceptions.rb:21:in `call'
  web-console (2.2.1) lib/web_console/middleware.rb:39:in `call'
  actionpack (4.2.3) lib/action_dispatch/middleware/show_exceptions.rb:30:in `call'
  railties (4.2.3) lib/rails/rack/logger.rb:38:in `call_app'
  railties (4.2.3) lib/rails/rack/logger.rb:20:in `block in call'
  activesupport (4.2.3) lib/active_support/tagged_logging.rb:68:in `block in tagged'
  activesupport (4.2.3) lib/active_support/tagged_logging.rb:26:in `tagged'
  activesupport (4.2.3) lib/active_support/tagged_logging.rb:68:in `tagged'
  railties (4.2.3) lib/rails/rack/logger.rb:20:in `call'
  actionpack (4.2.3) lib/action_dispatch/middleware/request_id.rb:21:in `call'
  rack (1.6.4) lib/rack/methodoverride.rb:22:in `call'
  rack (1.6.4) lib/rack/runtime.rb:18:in `call'
  activesupport (4.2.3) lib/active_support/cache/strategy/local_cache_middleware.rb:28:in `call'
  rack (1.6.4) lib/rack/lock.rb:17:in `call'
  actionpack (4.2.3) lib/action_dispatch/middleware/static.rb:116:in `call'
  rack (1.6.4) lib/rack/sendfile.rb:113:in `call'
  railties (4.2.3) lib/rails/engine.rb:518:in `call'
  railties (4.2.3) lib/rails/application.rb:165:in `call'
  rack (1.6.4) lib/rack/lock.rb:17:in `call'
  rack (1.6.4) lib/rack/content_length.rb:15:in `call'
  rack (1.6.4) lib/rack/handler/webrick.rb:88:in `service'
  /home/kartikeya/.rvm/rubies/ruby-2.2.1/lib/ruby/2.2.0/webrick/httpserver.rb:138:in `service'
  /home/kartikeya/.rvm/rubies/ruby-2.2.1/lib/ruby/2.2.0/webrick/httpserver.rb:94:in `run'
  /home/kartikeya/.rvm/rubies/ruby-2.2.1/lib/ruby/2.2.0/webrick/server.rb:294:in `block in start_thread'


  Rendered /home/kartikeya/.rvm/gems/ruby-2.2.1/gems/actionpack-4.2.3/lib/action_dispatch/middleware/templates/rescues/_trace.html.erb (3.6ms)
  Rendered /home/kartikeya/.rvm/gems/ruby-2.2.1/gems/actionpack-4.2.3/lib/action_dispatch/middleware/templates/routes/_route.html.erb (2.0ms)
  Rendered /home/kartikeya/.rvm/gems/ruby-2.2.1/gems/actionpack-4.2.3/lib/action_dispatch/middleware/templates/routes/_table.html.erb (31.5ms)
  Rendered /home/kartikeya/.rvm/gems/ruby-2.2.1/gems/actionpack-4.2.3/lib/action_dispatch/middleware/templates/rescues/_request_and_response.html.erb (3.4ms)
  Rendered /home/kartikeya/.rvm/gems/ruby-2.2.1/gems/actionpack-4.2.3/lib/action_dispatch/middleware/templates/rescues/routing_error.html.erb within rescues/layout (100.0ms)
  Rendered /home/kartikeya/.rvm/gems/ruby-2.2.1/gems/web-console-2.2.1/lib/web_console/templates/_markup.html.erb (0.9ms)
  Rendered /home/kartikeya/.rvm/gems/ruby-2.2.1/gems/web-console-2.2.1/lib/web_console/templates/_inner_console_markup.html.erb within layouts/inlined_string (0.9ms)
  Rendered /home/kartikeya/.rvm/gems/ruby-2.2.1/gems/web-console-2.2.1/lib/web_console/templates/_prompt_box_markup.html.erb within layouts/inlined_string (0.7ms)
  Rendered /home/kartikeya/.rvm/gems/ruby-2.2.1/gems/web-console-2.2.1/lib/web_console/templates/style.css.erb within layouts/inlined_string (0.9ms)
  Rendered /home/kartikeya/.rvm/gems/ruby-2.2.1/gems/web-console-2.2.1/lib/web_console/templates/console.js.erb within layouts/javascript (44.7ms)
  Rendered /home/kartikeya/.rvm/gems/ruby-2.2.1/gems/web-console-2.2.1/lib/web_console/templates/main.js.erb within layouts/javascript (0.7ms)
  Rendered /home/kartikeya/.rvm/gems/ruby-2.2.1/gems/web-console-2.2.1/lib/web_console/templates/error_page.js.erb within layouts/javascript (1.1ms)
  Rendered /home/kartikeya/.rvm/gems/ruby-2.2.1/gems/web-console-2.2.1/lib/web_console/templates/index.html.erb (91.7ms)


Started GET "/vegam/index" for 127.0.0.1 at 2015-07-13 18:03:34 +0530
Processing by VegamController#index as HTML
  Rendered vegam/index.html.erb within layouts/application (49.5ms)
Completed 200 OK in 3080ms (Views: 3051.6ms | ActiveRecord: 0.9ms)


Started GET "/assets/admins.self-e3b0c44298fc1c149afbf4c8996fb92427ae41e4649b934ca495991b7852b855.css?body=1" for 127.0.0.1 at 2015-07-13 18:03:37 +0530


Started GET "/assets/bootstrap.self-dd8ac08e17487e70c109f7c6bd9417ddb3750e7a11c3bd0c8043bfc6294bc6d3.css?body=1" for 127.0.0.1 at 2015-07-13 18:03:37 +0530


Started GET "/assets/font-awesome.self-b6fed9cf2c062bad3fe02fb2c471b85a97f947fbca7b9c7fa773dbebc5f27762.css?body=1" for 127.0.0.1 at 2015-07-13 18:03:37 +0530


Started GET "/assets/vegam.self-e3b0c44298fc1c149afbf4c8996fb92427ae41e4649b934ca495991b7852b855.css?body=1" for 127.0.0.1 at 2015-07-13 18:03:37 +0530


Started GET "/assets/admins.self-877aef30ae1b040ab8a3aba4e3e309a11d7f2612f44dde450b5c157aa5f95c05.js?body=1" for 127.0.0.1 at 2015-07-13 18:03:37 +0530


Started GET "/assets/vegam.self-877aef30ae1b040ab8a3aba4e3e309a11d7f2612f44dde450b5c157aa5f95c05.js?body=1" for 127.0.0.1 at 2015-07-13 18:03:37 +0530


Started GET "/assets/home_page.jpg" for 127.0.0.1 at 2015-07-13 18:03:37 +0530


Started GET "/assets/fontawesome-webfont.woff?v=4.3.0" for 127.0.0.1 at 2015-07-13 18:03:37 +0530


Started POST "/vegam/signin" for 127.0.0.1 at 2015-07-13 18:03:54 +0530
Processing by VegamController#signin as HTML
  Parameters: {"utf8"=>"✓", "authenticity_token"=>"XYsPoG80XkSkOqiZ+G15GMy+xHUvPheiNLd5It5RLWReaRKgyC2E07QsG2bYaT61J+ZXjbcayYsMMesxcbuKqg==", "user"=>{"email"=>"", "password"=>"[FILTERED]"}, "commit"=>"signin"}
  [1m[35mUser Load (0.8ms)[0m  SELECT  "users".* FROM "users" WHERE "users"."email" = ? LIMIT 1  [["email", ""]]
Completed 500 Internal Server Error in 37ms (ActiveRecord: 0.8ms)

NoMethodError (undefined method `password' for nil:NilClass):
  app/controllers/vegam_controller.rb:9:in `signin'


  Rendered /home/kartikeya/.rvm/gems/ruby-2.2.1/gems/actionpack-4.2.3/lib/action_dispatch/middleware/templates/rescues/_source.erb (10.2ms)
  Rendered /home/kartikeya/.rvm/gems/ruby-2.2.1/gems/actionpack-4.2.3/lib/action_dispatch/middleware/templates/rescues/_trace.html.erb (5.6ms)
  Rendered /home/kartikeya/.rvm/gems/ruby-2.2.1/gems/actionpack-4.2.3/lib/action_dispatch/middleware/templates/rescues/_request_and_response.html.erb (3.1ms)
  Rendered /home/kartikeya/.rvm/gems/ruby-2.2.1/gems/actionpack-4.2.3/lib/action_dispatch/middleware/templates/rescues/diagnostics.html.erb within rescues/layout (56.3ms)
  Rendered /home/kartikeya/.rvm/gems/ruby-2.2.1/gems/web-console-2.2.1/lib/web_console/templates/_markup.html.erb (0.7ms)
  Rendered /home/kartikeya/.rvm/gems/ruby-2.2.1/gems/web-console-2.2.1/lib/web_console/templates/_inner_console_markup.html.erb within layouts/inlined_string (0.8ms)
  Rendered /home/kartikeya/.rvm/gems/ruby-2.2.1/gems/web-console-2.2.1/lib/web_console/templates/_prompt_box_markup.html.erb within layouts/inlined_string (1.0ms)
  Rendered /home/kartikeya/.rvm/gems/ruby-2.2.1/gems/web-console-2.2.1/lib/web_console/templates/style.css.erb within layouts/inlined_string (0.8ms)
  Rendered /home/kartikeya/.rvm/gems/ruby-2.2.1/gems/web-console-2.2.1/lib/web_console/templates/console.js.erb within layouts/javascript (42.8ms)
  Rendered /home/kartikeya/.rvm/gems/ruby-2.2.1/gems/web-console-2.2.1/lib/web_console/templates/main.js.erb within layouts/javascript (0.6ms)
  Rendered /home/kartikeya/.rvm/gems/ruby-2.2.1/gems/web-console-2.2.1/lib/web_console/templates/error_page.js.erb within layouts/javascript (1.4ms)
  Rendered /home/kartikeya/.rvm/gems/ruby-2.2.1/gems/web-console-2.2.1/lib/web_console/templates/index.html.erb (87.0ms)


Started POST "/vegam/signup" for 127.0.0.1 at 2015-07-13 18:04:08 +0530
Processing by VegamController#signup as HTML
  Parameters: {"utf8"=>"✓", "authenticity_token"=>"XYsPoG80XkSkOqiZ+G15GMy+xHUvPheiNLd5It5RLWReaRKgyC2E07QsG2bYaT61J+ZXjbcayYsMMesxcbuKqg==", "user"=>{"fname"=>"", "lname"=>"", "phone"=>"", "email"=>"", "password"=>"[FILTERED]", "confirm_password"=>"[FILTERED]", "dob"=>""}, "commit"=>"signup"}
  [1m[36m (0.2ms)[0m  [1mbegin transaction[0m
  [1m[35mSQL (0.7ms)[0m  INSERT INTO "users" ("email", "fname", "lname", "dob", "password", "phone", "created_at", "updated_at") VALUES (?, ?, ?, ?, ?, ?, ?, ?)  [["email", ""], ["fname", ""], ["lname", ""], ["dob", ""], ["password", ""], ["phone", ""], ["created_at", "2015-07-13 12:34:08.183905"], ["updated_at", "2015-07-13 12:34:08.183905"]]
  [1m[36m (171.3ms)[0m  [1mcommit transaction[0m
Redirected to http://localhost:3000/vegam/index
Completed 302 Found in 180ms (ActiveRecord: 172.1ms)


Started GET "/vegam/index" for 127.0.0.1 at 2015-07-13 18:04:08 +0530
Processing by VegamController#index as HTML
  Rendered vegam/index.html.erb within layouts/application (7.3ms)
Completed 200 OK in 178ms (Views: 176.8ms | ActiveRecord: 0.0ms)


Started GET "/assets/home_page.jpg" for 127.0.0.1 at 2015-07-13 18:04:08 +0530


Started POST "/vegam/signup" for 127.0.0.1 at 2015-07-13 18:06:17 +0530
Processing by VegamController#signup as HTML
  Parameters: {"utf8"=>"✓", "authenticity_token"=>"zOyxSnv4telIlR6kR8Udq+lMYiFiojkGZ3rZMty58BPPDqxK3OFvfliDrVtnwVoGAhTx2fqG5y9f/Eshc1NX3Q==", "user"=>{"fname"=>"kaka", "lname"=>"kk", "phone"=>"99999999999999", "email"=>"kartikkhatri01@gmail.com", "password"=>"[FILTERED]", "confirm_password"=>"[FILTERED]", "gender"=>"{:value=>\"male\"}", "dob"=>"1111/11/11"}, "commit"=>"signup"}
  [1m[35m (0.2ms)[0m  begin transaction
  [1m[36mSQL (0.9ms)[0m  [1mINSERT INTO "users" ("email", "fname", "lname", "dob", "password", "gender", "phone", "created_at", "updated_at") VALUES (?, ?, ?, ?, ?, ?, ?, ?, ?)[0m  [["email", "kartikkhatri01@gmail.com"], ["fname", "kaka"], ["lname", "kk"], ["dob", "1111/11/11"], ["password", "kaka"], ["gender", "{:value=>\"male\"}"], ["phone", "99999999999999"], ["created_at", "2015-07-13 12:36:17.300231"], ["updated_at", "2015-07-13 12:36:17.300231"]]
  [1m[35m (229.7ms)[0m  commit transaction
Redirected to http://localhost:3000/vegam/index
Completed 302 Found in 244ms (ActiveRecord: 230.8ms)


Started GET "/vegam/index" for 127.0.0.1 at 2015-07-13 18:06:17 +0530
Processing by VegamController#index as HTML
  Rendered vegam/index.html.erb within layouts/application (5.8ms)
Completed 200 OK in 153ms (Views: 151.8ms | ActiveRecord: 0.0ms)


Started GET "/assets/home_page.jpg" for 127.0.0.1 at 2015-07-13 18:06:18 +0530


Started POST "/vegam/signin" for 127.0.0.1 at 2015-07-13 18:06:26 +0530
Processing by VegamController#signin as HTML
  Parameters: {"utf8"=>"✓", "authenticity_token"=>"thHZ+wPoalDa+dGNJ55B590qaPWDMQMjhhP2JU2Yoy2188T7pPGwx8rvYnIHmgZKNnL7DRsV3Qq+lWQ24nIE4w==", "user"=>{"email"=>"kartikkhatri01@gmail.com", "password"=>"[FILTERED]"}, "commit"=>"signin"}
  [1m[36mUser Load (0.4ms)[0m  [1mSELECT  "users".* FROM "users" WHERE "users"."email" = ? LIMIT 1[0m  [["email", "kartikkhatri01@gmail.com"]]
Redirected to http://localhost:3000/vegam/index
Completed 302 Found in 5ms (ActiveRecord: 0.4ms)


Started GET "/vegam/index" for 127.0.0.1 at 2015-07-13 18:06:26 +0530
Processing by VegamController#index as HTML
  Rendered vegam/index.html.erb within layouts/application (5.4ms)
Completed 200 OK in 155ms (Views: 154.1ms | ActiveRecord: 0.0ms)


Started GET "/assets/home_page.jpg" for 127.0.0.1 at 2015-07-13 18:06:27 +0530


Started GET "/vegam/index" for 127.0.0.1 at 2015-07-13 18:09:47 +0530
Processing by VegamController#index as HTML
  Rendered vegam/index.html.erb within layouts/application (6.4ms)
Completed 200 OK in 214ms (Views: 212.9ms | ActiveRecord: 0.0ms)


Started GET "/" for 127.0.0.1 at 2015-07-13 18:22:36 +0530
  [1m[36mActiveRecord::SchemaMigration Load (0.4ms)[0m  [1mSELECT "schema_migrations".* FROM "schema_migrations"[0m
Processing by Rails::WelcomeController#index as HTML
  Rendered /home/kartikeya/.rvm/gems/ruby-2.2.1/gems/railties-4.2.3/lib/rails/templates/rails/welcome/index.html.erb (3.6ms)
Completed 200 OK in 38ms (Views: 14.4ms | ActiveRecord: 0.0ms)


Started GET "/vegam/index" for 127.0.0.1 at 2015-07-13 18:22:43 +0530
Processing by VegamController#index as HTML
  Rendered vegam/index.html.erb within layouts/application (31.3ms)
Completed 200 OK in 556ms (Views: 531.3ms | ActiveRecord: 1.2ms)


Started GET "/assets/home_page.jpg" for 127.0.0.1 at 2015-07-13 18:22:44 +0530


Started POST "/vegam/signin" for 127.0.0.1 at 2015-07-13 18:22:54 +0530
Processing by VegamController#signin as HTML
  Parameters: {"utf8"=>"✓", "authenticity_token"=>"wDe3sRikYKexL8qOqvOFFZUIfZHVWw6CNdPTS5+UzKbD1aqxv726MKE5eXGK98K4flDuaU1/0KsNVUFYMH5raA==", "user"=>{"email"=>"kartikkhatri01@gmail.com", "password"=>"[FILTERED]"}}
  [1m[35mUser Load (0.7ms)[0m  SELECT  "users".* FROM "users" WHERE "users"."email" = ? LIMIT 1  [["email", "kartikkhatri01@gmail.com"]]
Completed 500 Internal Server Error in 38ms (ActiveRecord: 0.7ms)

ActionView::MissingTemplate (Missing template users/error with {:locale=>[:en], :formats=>[:html], :variants=>[], :handlers=>[:erb, :builder, :raw, :ruby, :coffee, :jbuilder]}. Searched in:
  * "/home/kartikeya/Documents/Aptana_Studio_3_Workspace/vegam/app/views"
):
  app/controllers/vegam_controller.rb:18:in `signin'


  Rendered /home/kartikeya/.rvm/gems/ruby-2.2.1/gems/actionpack-4.2.3/lib/action_dispatch/middleware/templates/rescues/_source.erb (13.7ms)
  Rendered /home/kartikeya/.rvm/gems/ruby-2.2.1/gems/actionpack-4.2.3/lib/action_dispatch/middleware/templates/rescues/_trace.html.erb (7.3ms)
  Rendered /home/kartikeya/.rvm/gems/ruby-2.2.1/gems/actionpack-4.2.3/lib/action_dispatch/middleware/templates/rescues/_request_and_response.html.erb (3.3ms)
  Rendered /home/kartikeya/.rvm/gems/ruby-2.2.1/gems/actionpack-4.2.3/lib/action_dispatch/middleware/templates/rescues/missing_template.html.erb within rescues/layout (63.1ms)
  Rendered /home/kartikeya/.rvm/gems/ruby-2.2.1/gems/web-console-2.2.1/lib/web_console/templates/_markup.html.erb (1.2ms)
  Rendered /home/kartikeya/.rvm/gems/ruby-2.2.1/gems/web-console-2.2.1/lib/web_console/templates/_inner_console_markup.html.erb within layouts/inlined_string (0.8ms)
  Rendered /home/kartikeya/.rvm/gems/ruby-2.2.1/gems/web-console-2.2.1/lib/web_console/templates/_prompt_box_markup.html.erb within layouts/inlined_string (0.9ms)
  Rendered /home/kartikeya/.rvm/gems/ruby-2.2.1/gems/web-console-2.2.1/lib/web_console/templates/style.css.erb within layouts/inlined_string (0.8ms)
  Rendered /home/kartikeya/.rvm/gems/ruby-2.2.1/gems/web-console-2.2.1/lib/web_console/templates/console.js.erb within layouts/javascript (44.0ms)
  Rendered /home/kartikeya/.rvm/gems/ruby-2.2.1/gems/web-console-2.2.1/lib/web_console/templates/main.js.erb within layouts/javascript (0.9ms)
  Rendered /home/kartikeya/.rvm/gems/ruby-2.2.1/gems/web-console-2.2.1/lib/web_console/templates/error_page.js.erb within layouts/javascript (1.2ms)
  Rendered /home/kartikeya/.rvm/gems/ruby-2.2.1/gems/web-console-2.2.1/lib/web_console/templates/index.html.erb (95.3ms)


Started POST "/vegam/signin" for 127.0.0.1 at 2015-07-13 18:23:35 +0530
Processing by VegamController#signin as HTML
  Parameters: {"utf8"=>"✓", "authenticity_token"=>"wDe3sRikYKexL8qOqvOFFZUIfZHVWw6CNdPTS5+UzKbD1aqxv726MKE5eXGK98K4flDuaU1/0KsNVUFYMH5raA==", "user"=>{"email"=>"kartikkhatri01@gmail.com", "password"=>"[FILTERED]"}, "commit"=>"signin"}
  [1m[36mUser Load (0.3ms)[0m  [1mSELECT  "users".* FROM "users" WHERE "users"."email" = ? LIMIT 1[0m  [["email", "kartikkhatri01@gmail.com"]]
Completed 500 Internal Server Error in 6ms (ActiveRecord: 0.3ms)

ActionView::MissingTemplate (Missing template users/error with {:locale=>[:en], :formats=>[:html], :variants=>[], :handlers=>[:erb, :builder, :raw, :ruby, :coffee, :jbuilder]}. Searched in:
  * "/home/kartikeya/Documents/Aptana_Studio_3_Workspace/vegam/app/views"
):
  app/controllers/vegam_controller.rb:18:in `signin'


  Rendered /home/kartikeya/.rvm/gems/ruby-2.2.1/gems/actionpack-4.2.3/lib/action_dispatch/middleware/templates/rescues/_source.erb (12.4ms)
  Rendered /home/kartikeya/.rvm/gems/ruby-2.2.1/gems/actionpack-4.2.3/lib/action_dispatch/middleware/templates/rescues/_trace.html.erb (5.7ms)
  Rendered /home/kartikeya/.rvm/gems/ruby-2.2.1/gems/actionpack-4.2.3/lib/action_dispatch/middleware/templates/rescues/_request_and_response.html.erb (2.2ms)
  Rendered /home/kartikeya/.rvm/gems/ruby-2.2.1/gems/actionpack-4.2.3/lib/action_dispatch/middleware/templates/rescues/missing_template.html.erb within rescues/layout (58.6ms)
  Rendered /home/kartikeya/.rvm/gems/ruby-2.2.1/gems/web-console-2.2.1/lib/web_console/templates/_markup.html.erb (0.7ms)
  Rendered /home/kartikeya/.rvm/gems/ruby-2.2.1/gems/web-console-2.2.1/lib/web_console/templates/_inner_console_markup.html.erb within layouts/inlined_string (0.8ms)
  Rendered /home/kartikeya/.rvm/gems/ruby-2.2.1/gems/web-console-2.2.1/lib/web_console/templates/_prompt_box_markup.html.erb within layouts/inlined_string (0.8ms)
  Rendered /home/kartikeya/.rvm/gems/ruby-2.2.1/gems/web-console-2.2.1/lib/web_console/templates/style.css.erb within layouts/inlined_string (1.1ms)
  Rendered /home/kartikeya/.rvm/gems/ruby-2.2.1/gems/web-console-2.2.1/lib/web_console/templates/console.js.erb within layouts/javascript (44.3ms)
  Rendered /home/kartikeya/.rvm/gems/ruby-2.2.1/gems/web-console-2.2.1/lib/web_console/templates/main.js.erb within layouts/javascript (0.7ms)
  Rendered /home/kartikeya/.rvm/gems/ruby-2.2.1/gems/web-console-2.2.1/lib/web_console/templates/error_page.js.erb within layouts/javascript (1.6ms)
  Rendered /home/kartikeya/.rvm/gems/ruby-2.2.1/gems/web-console-2.2.1/lib/web_console/templates/index.html.erb (93.0ms)


Started POST "/vegam/signup" for 127.0.0.1 at 2015-07-13 18:24:44 +0530
Processing by VegamController#signup as HTML
  Parameters: {"utf8"=>"✓", "authenticity_token"=>"wDe3sRikYKexL8qOqvOFFZUIfZHVWw6CNdPTS5+UzKbD1aqxv726MKE5eXGK98K4flDuaU1/0KsNVUFYMH5raA==", "user"=>{"fname"=>"kakak", "lname"=>"kkkk", "phone"=>"999999", "email"=>"kartikkhatri001@gmail.com", "password"=>"[FILTERED]", "confirm_password"=>"[FILTERED]", "gender"=>"{:value=>\"male\"}", "dob"=>"1111/11/11"}, "commit"=>"signup"}
  [1m[35m (0.3ms)[0m  begin transaction
  [1m[36mSQL (1.1ms)[0m  [1mINSERT INTO "users" ("email", "fname", "lname", "dob", "gender", "phone", "created_at", "updated_at") VALUES (?, ?, ?, ?, ?, ?, ?, ?)[0m  [["email", "kartikkhatri001@gmail.com"], ["fname", "kakak"], ["lname", "kkkk"], ["dob", "1111/11/11"], ["gender", "{:value=>\"male\"}"], ["phone", "999999"], ["created_at", "2015-07-13 12:54:44.357270"], ["updated_at", "2015-07-13 12:54:44.357270"]]
  [1m[35m (149.9ms)[0m  commit transaction
Redirected to http://localhost:3000/vegam/index
Completed 302 Found in 161ms (ActiveRecord: 151.3ms)


Started GET "/vegam/index" for 127.0.0.1 at 2015-07-13 18:24:44 +0530
Processing by VegamController#index as HTML
  Rendered vegam/index.html.erb within layouts/application (5.1ms)
Completed 200 OK in 145ms (Views: 143.6ms | ActiveRecord: 0.0ms)


Started GET "/assets/home_page.jpg" for 127.0.0.1 at 2015-07-13 18:24:45 +0530


Started POST "/vegam/signin" for 127.0.0.1 at 2015-07-13 18:25:48 +0530
Processing by VegamController#signin as HTML
  Parameters: {"utf8"=>"✓", "authenticity_token"=>"BJmY7eiudYBKxx1vKrZJeJnpUPdtk0pMiaYFkB5GtyEHe4XtT7evF1rRrpAKsg7VcrHDD/W3lGWxIJeDsawQ7w==", "user"=>{"email"=>"kartikkhatri001@gmail.com", "password"=>"[FILTERED]"}, "commit"=>"signin"}
  [1m[36mUser Load (0.2ms)[0m  [1mSELECT  "users".* FROM "users" WHERE "users"."email" = ? LIMIT 1[0m  [["email", "kartikkhatri001@gmail.com"]]
Completed 500 Internal Server Error in 5ms (ActiveRecord: 0.2ms)

ActionView::MissingTemplate (Missing template users/error with {:locale=>[:en], :formats=>[:html], :variants=>[], :handlers=>[:erb, :builder, :raw, :ruby, :coffee, :jbuilder]}. Searched in:
  * "/home/kartikeya/Documents/Aptana_Studio_3_Workspace/vegam/app/views"
):
  app/controllers/vegam_controller.rb:18:in `signin'


  Rendered /home/kartikeya/.rvm/gems/ruby-2.2.1/gems/actionpack-4.2.3/lib/action_dispatch/middleware/templates/rescues/_source.erb (14.9ms)
  Rendered /home/kartikeya/.rvm/gems/ruby-2.2.1/gems/actionpack-4.2.3/lib/action_dispatch/middleware/templates/rescues/_trace.html.erb (7.0ms)
  Rendered /home/kartikeya/.rvm/gems/ruby-2.2.1/gems/actionpack-4.2.3/lib/action_dispatch/middleware/templates/rescues/_request_and_response.html.erb (3.1ms)
  Rendered /home/kartikeya/.rvm/gems/ruby-2.2.1/gems/actionpack-4.2.3/lib/action_dispatch/middleware/templates/rescues/missing_template.html.erb within rescues/layout (64.7ms)
  Rendered /home/kartikeya/.rvm/gems/ruby-2.2.1/gems/web-console-2.2.1/lib/web_console/templates/_markup.html.erb (0.9ms)
  Rendered /home/kartikeya/.rvm/gems/ruby-2.2.1/gems/web-console-2.2.1/lib/web_console/templates/_inner_console_markup.html.erb within layouts/inlined_string (0.7ms)
  Rendered /home/kartikeya/.rvm/gems/ruby-2.2.1/gems/web-console-2.2.1/lib/web_console/templates/_prompt_box_markup.html.erb within layouts/inlined_string (0.7ms)
  Rendered /home/kartikeya/.rvm/gems/ruby-2.2.1/gems/web-console-2.2.1/lib/web_console/templates/style.css.erb within layouts/inlined_string (1.5ms)
  Rendered /home/kartikeya/.rvm/gems/ruby-2.2.1/gems/web-console-2.2.1/lib/web_console/templates/console.js.erb within layouts/javascript (45.7ms)
  Rendered /home/kartikeya/.rvm/gems/ruby-2.2.1/gems/web-console-2.2.1/lib/web_console/templates/main.js.erb within layouts/javascript (0.6ms)
  Rendered /home/kartikeya/.rvm/gems/ruby-2.2.1/gems/web-console-2.2.1/lib/web_console/templates/error_page.js.erb within layouts/javascript (1.3ms)
  Rendered /home/kartikeya/.rvm/gems/ruby-2.2.1/gems/web-console-2.2.1/lib/web_console/templates/index.html.erb (89.8ms)


Started POST "/vegam/signup" for 127.0.0.1 at 2015-07-13 18:28:18 +0530
Processing by VegamController#signup as HTML
  Parameters: {"utf8"=>"✓", "authenticity_token"=>"BJmY7eiudYBKxx1vKrZJeJnpUPdtk0pMiaYFkB5GtyEHe4XtT7evF1rRrpAKsg7VcrHDD/W3lGWxIJeDsawQ7w==", "user"=>{"fname"=>"kk", "lname"=>"kk", "phone"=>"", "email"=>"kartikkhatri0001@gmail.com", "password"=>"[FILTERED]", "confirm_password"=>"[FILTERED]", "dob"=>""}, "commit"=>"signup"}
  [1m[35m (0.6ms)[0m  begin transaction
  [1m[36mSQL (0.8ms)[0m  [1mINSERT INTO "users" ("email", "fname", "lname", "dob", "phone", "created_at", "updated_at") VALUES (?, ?, ?, ?, ?, ?, ?)[0m  [["email", "kartikkhatri0001@gmail.com"], ["fname", "kk"], ["lname", "kk"], ["dob", ""], ["phone", ""], ["created_at", "2015-07-13 12:58:18.203061"], ["updated_at", "2015-07-13 12:58:18.203061"]]
  [1m[35m (201.9ms)[0m  commit transaction
Redirected to http://localhost:3000/vegam/index
Completed 302 Found in 235ms (ActiveRecord: 204.5ms)


Started GET "/vegam/index" for 127.0.0.1 at 2015-07-13 18:28:18 +0530
Processing by VegamController#index as HTML
  Rendered vegam/index.html.erb within layouts/application (7.2ms)
Completed 200 OK in 161ms (Views: 159.9ms | ActiveRecord: 0.0ms)


Started GET "/assets/home_page.jpg" for 127.0.0.1 at 2015-07-13 18:28:19 +0530


Started POST "/vegam/signin" for 127.0.0.1 at 2015-07-13 18:28:29 +0530
Processing by VegamController#signin as HTML
  Parameters: {"utf8"=>"✓", "authenticity_token"=>"js2ywF6syE2w5iL4EzHSZi8ESWcL1TMRLmQn6ShBT4yNL6/A+bUS2qDwkQczNZXLxFzan5Px7TgW4rX6h6voQg==", "user"=>{"email"=>"kartikkhatri0001@gmail.com", "password"=>"[FILTERED]"}, "commit"=>"signin"}
  [1m[36mUser Load (0.6ms)[0m  [1mSELECT  "users".* FROM "users" WHERE "users"."email" = ? LIMIT 1[0m  [["email", "kartikkhatri0001@gmail.com"]]
Completed 500 Internal Server Error in 9ms (ActiveRecord: 0.6ms)

ActionView::MissingTemplate (Missing template users/error with {:locale=>[:en], :formats=>[:html], :variants=>[], :handlers=>[:erb, :builder, :raw, :ruby, :coffee, :jbuilder]}. Searched in:
  * "/home/kartikeya/Documents/Aptana_Studio_3_Workspace/vegam/app/views"
):
  app/controllers/vegam_controller.rb:18:in `signin'


  Rendered /home/kartikeya/.rvm/gems/ruby-2.2.1/gems/actionpack-4.2.3/lib/action_dispatch/middleware/templates/rescues/_source.erb (11.7ms)
  Rendered /home/kartikeya/.rvm/gems/ruby-2.2.1/gems/actionpack-4.2.3/lib/action_dispatch/middleware/templates/rescues/_trace.html.erb (5.8ms)
  Rendered /home/kartikeya/.rvm/gems/ruby-2.2.1/gems/actionpack-4.2.3/lib/action_dispatch/middleware/templates/rescues/_request_and_response.html.erb (2.8ms)
  Rendered /home/kartikeya/.rvm/gems/ruby-2.2.1/gems/actionpack-4.2.3/lib/action_dispatch/middleware/templates/rescues/missing_template.html.erb within rescues/layout (56.7ms)
  Rendered /home/kartikeya/.rvm/gems/ruby-2.2.1/gems/web-console-2.2.1/lib/web_console/templates/_markup.html.erb (1.2ms)
  Rendered /home/kartikeya/.rvm/gems/ruby-2.2.1/gems/web-console-2.2.1/lib/web_console/templates/_inner_console_markup.html.erb within layouts/inlined_string (0.7ms)
  Rendered /home/kartikeya/.rvm/gems/ruby-2.2.1/gems/web-console-2.2.1/lib/web_console/templates/_prompt_box_markup.html.erb within layouts/inlined_string (0.6ms)
  Rendered /home/kartikeya/.rvm/gems/ruby-2.2.1/gems/web-console-2.2.1/lib/web_console/templates/style.css.erb within layouts/inlined_string (0.7ms)
  Rendered /home/kartikeya/.rvm/gems/ruby-2.2.1/gems/web-console-2.2.1/lib/web_console/templates/console.js.erb within layouts/javascript (44.0ms)
  Rendered /home/kartikeya/.rvm/gems/ruby-2.2.1/gems/web-console-2.2.1/lib/web_console/templates/main.js.erb within layouts/javascript (0.6ms)
  Rendered /home/kartikeya/.rvm/gems/ruby-2.2.1/gems/web-console-2.2.1/lib/web_console/templates/error_page.js.erb within layouts/javascript (1.1ms)
  Rendered /home/kartikeya/.rvm/gems/ruby-2.2.1/gems/web-console-2.2.1/lib/web_console/templates/index.html.erb (87.1ms)


Started GET "/vegam/index" for 127.0.0.1 at 2015-07-13 18:40:28 +0530
  [1m[36mActiveRecord::SchemaMigration Load (0.2ms)[0m  [1mSELECT "schema_migrations".* FROM "schema_migrations"[0m
Processing by VegamController#index as HTML
  Rendered vegam/index.html.erb within layouts/application (30.9ms)
Completed 200 OK in 601ms (Views: 553.7ms | ActiveRecord: 1.1ms)


Started GET "/assets/home_page.jpg" for 127.0.0.1 at 2015-07-13 18:40:29 +0530


Started POST "/vegam/signup" for 127.0.0.1 at 2015-07-13 18:40:51 +0530
Processing by VegamController#signup as HTML
  Parameters: {"utf8"=>"✓", "authenticity_token"=>"eiaPnCt2xkGId2YSJaIZSqnww/OXwsE3vuaYn7FKDfR5xJKcjG8c1phh1e0Fpl7nQqhQCw/mHx6GYAqMHqCqOg==", "user"=>{"fname"=>"aaa", "lname"=>"aa", "phone"=>"11111", "email"=>"kartikkhatri00001@gmail.com", "password"=>"[FILTERED]", "confirm_password"=>"[FILTERED]", "gender"=>"{:value=>\"male\"}", "dob"=>""}, "commit"=>"signup"}
  [1m[35m (0.3ms)[0m  begin transaction
  [1m[36mSQL (0.9ms)[0m  [1mINSERT INTO "users" ("email", "fname", "lname", "dob", "password", "gender", "phone", "created_at", "updated_at") VALUES (?, ?, ?, ?, ?, ?, ?, ?, ?)[0m  [["email", "kartikkhatri00001@gmail.com"], ["fname", "aaa"], ["lname", "aa"], ["dob", ""], ["password", "513d74946327c04cb6f0b0190b460dd9821db726"], ["gender", "{:value=>\"male\"}"], ["phone", "11111"], ["created_at", "2015-07-13 13:10:51.422075"], ["updated_at", "2015-07-13 13:10:51.422075"]]
  [1m[35m (156.7ms)[0m  commit transaction
Redirected to http://localhost:3000/vegam/index
Completed 302 Found in 170ms (ActiveRecord: 157.9ms)


Started GET "/vegam/index" for 127.0.0.1 at 2015-07-13 18:40:51 +0530
Processing by VegamController#index as HTML
  Rendered vegam/index.html.erb within layouts/application (7.6ms)
Completed 200 OK in 234ms (Views: 233.3ms | ActiveRecord: 0.0ms)


Started GET "/assets/home_page.jpg" for 127.0.0.1 at 2015-07-13 18:40:52 +0530


Started POST "/vegam/signin" for 127.0.0.1 at 2015-07-13 18:40:59 +0530
Processing by VegamController#signin as HTML
  Parameters: {"utf8"=>"✓", "authenticity_token"=>"gV4R5FPO8g1eOWPztgebXjFwTjahpqqPLS7Vp0OFODOCvAzk9Ncomk4v0AyWA9zz2ijdzjmCdKYVqEe07G+f/Q==", "user"=>{"email"=>"kartikkhatri00001@gmail.com", "password"=>"[FILTERED]"}, "commit"=>"signin"}
  [1m[36mUser Load (0.7ms)[0m  [1mSELECT  "users".* FROM "users" WHERE "users"."email" = ? LIMIT 1[0m  [["email", "kartikkhatri00001@gmail.com"]]
Redirected to http://localhost:3000/vegam/index
Completed 302 Found in 34ms (ActiveRecord: 0.7ms)


Started GET "/vegam/index" for 127.0.0.1 at 2015-07-13 18:41:00 +0530
Processing by VegamController#index as HTML
  Rendered vegam/index.html.erb within layouts/application (14.9ms)
Completed 200 OK in 281ms (Views: 278.1ms | ActiveRecord: 0.0ms)


Started GET "/assets/home_page.jpg" for 127.0.0.1 at 2015-07-13 18:41:00 +0530
